<?xml version="1.0" encoding="UTF-8"?>
<!-- Generated by org.testng.reporters.JUnitReportReporter -->
<testsuite hostname="DESKTOP-OQOARMP" failures="0" tests="1" name="com.inetbanking.testCases.TC_LoginTest_001" time="7.797" errors="0" timestamp="2022-09-29T15:03:56 IST" skipped="0">
  <testcase classname="com.inetbanking.testCases.TC_LoginTest_001" name="loginTest1" time="7.797"/>
  <system-out/>
</testsuite> <!-- com.inetbanking.testCases.TC_LoginTest_001 -->
