<?xml version="1.0" encoding="UTF-8"?>
<!-- Generated by org.testng.reporters.JUnitReportReporter -->
<testsuite hostname="DESKTOP-OQOARMP" failures="0" tests="1" name="com.inetbanking.testCases.TC_LoginTest_001" time="15.825" errors="0" timestamp="2022-09-28T10:29:36 IST" skipped="0">
  <testcase classname="com.inetbanking.testCases.TC_LoginTest_001" name="loginTest1" time="15.825"/>
  <system-out/>
</testsuite> <!-- com.inetbanking.testCases.TC_LoginTest_001 -->
